{"/Users/kristofferlund/Documents/Dev/Work/toolbox-reference-react/config/jest/fileMock.js": {"path":"/Users/kristofferlund/Documents/Dev/Work/toolbox-reference-react/config/jest/fileMock.js","statementMap":{"0":{"start":{"line":1,"column":0},"end":{"line":1,"column":34}}},"fnMap":{},"branchMap":{},"s":{"0":2},"f":{},"b":{},"_coverageSchema":"43e27e138ebf9cfc5966b082cf9a028302ed4184","hash":"8fd3c4a12b6b7b96964da37ca9cb70e020257d96"}
,"/Users/kristofferlund/Documents/Dev/Work/toolbox-reference-react/src/media/socials/IconFacebook.jsx": {"path":"/Users/kristofferlund/Documents/Dev/Work/toolbox-reference-react/src/media/socials/IconFacebook.jsx","statementMap":{"0":{"start":{"line":4,"column":1},"end":{"line":6,"column":7}}},"fnMap":{},"branchMap":{},"s":{"0":2},"f":{},"b":{},"_coverageSchema":"43e27e138ebf9cfc5966b082cf9a028302ed4184","hash":"b568fdadf0653dcd90239bb1ddd3db407c664c91"}
,"/Users/kristofferlund/Documents/Dev/Work/toolbox-reference-react/src/media/socials/IconInstagram.jsx": {"path":"/Users/kristofferlund/Documents/Dev/Work/toolbox-reference-react/src/media/socials/IconInstagram.jsx","statementMap":{"0":{"start":{"line":4,"column":1},"end":{"line":6,"column":7}}},"fnMap":{},"branchMap":{},"s":{"0":2},"f":{},"b":{},"_coverageSchema":"43e27e138ebf9cfc5966b082cf9a028302ed4184","hash":"fe978b3c3d2422246f5ddcd9aa3b14ba3d7e1c9f"}
,"/Users/kristofferlund/Documents/Dev/Work/toolbox-reference-react/src/media/socials/IconSoundCloud.jsx": {"path":"/Users/kristofferlund/Documents/Dev/Work/toolbox-reference-react/src/media/socials/IconSoundCloud.jsx","statementMap":{"0":{"start":{"line":4,"column":1},"end":{"line":6,"column":7}}},"fnMap":{},"branchMap":{},"s":{"0":2},"f":{},"b":{},"_coverageSchema":"43e27e138ebf9cfc5966b082cf9a028302ed4184","hash":"eed6f86973be18560dae15c89732972470f8a70e"}
,"/Users/kristofferlund/Documents/Dev/Work/toolbox-reference-react/src/media/socials/index.jsx": {"path":"/Users/kristofferlund/Documents/Dev/Work/toolbox-reference-react/src/media/socials/index.jsx","statementMap":{},"fnMap":{},"branchMap":{},"s":{},"f":{},"b":{},"_coverageSchema":"43e27e138ebf9cfc5966b082cf9a028302ed4184","hash":"544e6e6ac34c8c7af4c258233613f9102f09d69d"}
,"/Users/kristofferlund/Documents/Dev/Work/toolbox-reference-react/src/scripts/App.jsx": {"path":"/Users/kristofferlund/Documents/Dev/Work/toolbox-reference-react/src/scripts/App.jsx","statementMap":{"0":{"start":{"line":18,"column":12},"end":{"line":32,"column":1}},"1":{"start":{"line":19,"column":1},"end":{"line":31,"column":11}},"2":{"start":{"line":34,"column":0},"end":{"line":36,"column":2}},"3":{"start":{"line":38,"column":24},"end":{"line":40,"column":2}},"4":{"start":{"line":38,"column":34},"end":{"line":40,"column":1}},"5":{"start":{"line":42,"column":16},"end":{"line":50,"column":1}},"6":{"start":{"line":52,"column":19},"end":{"line":57,"column":1}}},"fnMap":{"0":{"name":"(anonymous_0)","decl":{"start":{"line":18,"column":12},"end":{"line":18,"column":13}},"loc":{"start":{"line":19,"column":1},"end":{"line":31,"column":11}},"line":19},"1":{"name":"(anonymous_1)","decl":{"start":{"line":38,"column":24},"end":{"line":38,"column":25}},"loc":{"start":{"line":38,"column":34},"end":{"line":40,"column":1}},"line":38}},"branchMap":{},"s":{"0":1,"1":0,"2":1,"3":1,"4":0,"5":1,"6":1},"f":{"0":0,"1":0},"b":{},"_coverageSchema":"43e27e138ebf9cfc5966b082cf9a028302ed4184","hash":"24329c281402111f52df04d30b88024d47f65f4e"}
,"/Users/kristofferlund/Documents/Dev/Work/toolbox-reference-react/src/scripts/store.js": {"path":"/Users/kristofferlund/Documents/Dev/Work/toolbox-reference-react/src/scripts/store.js","statementMap":{"0":{"start":{"line":13,"column":23},"end":{"line":13,"column":45}},"1":{"start":{"line":17,"column":25},"end":{"line":17,"column":79}},"2":{"start":{"line":20,"column":14},"end":{"line":23,"column":1}},"3":{"start":{"line":26,"column":0},"end":{"line":26,"column":29}},"4":{"start":{"line":27,"column":0},"end":{"line":27,"column":40}},"5":{"start":{"line":27,"column":20},"end":{"line":27,"column":39}}},"fnMap":{"0":{"name":"(anonymous_0)","decl":{"start":{"line":27,"column":14},"end":{"line":27,"column":15}},"loc":{"start":{"line":27,"column":20},"end":{"line":27,"column":39}},"line":27}},"branchMap":{"0":{"loc":{"start":{"line":17,"column":25},"end":{"line":17,"column":79}},"type":"binary-expr","locations":[{"start":{"line":17,"column":25},"end":{"line":17,"column":68}},{"start":{"line":17,"column":72},"end":{"line":17,"column":79}}],"line":17}},"s":{"0":2,"1":2,"2":2,"3":2,"4":2,"5":0},"f":{"0":0},"b":{"0":[2,2]},"_coverageSchema":"43e27e138ebf9cfc5966b082cf9a028302ed4184","hash":"978cab73f22ce15146fc9e4f9a0d703fed81c614"}
,"/Users/kristofferlund/Documents/Dev/Work/toolbox-reference-react/src/scripts/components/Button.jsx": {"path":"/Users/kristofferlund/Documents/Dev/Work/toolbox-reference-react/src/scripts/components/Button.jsx","statementMap":{"0":{"start":{"line":13,"column":15},"end":{"line":17,"column":1}},"1":{"start":{"line":14,"column":1},"end":{"line":16,"column":14}},"2":{"start":{"line":19,"column":0},"end":{"line":22,"column":2}},"3":{"start":{"line":24,"column":0},"end":{"line":28,"column":2}},"4":{"start":{"line":30,"column":19},"end":{"line":33,"column":1}},"5":{"start":{"line":35,"column":20},"end":{"line":48,"column":1}},"6":{"start":{"line":50,"column":22},"end":{"line":52,"column":1}},"7":{"start":{"line":54,"column":19},"end":{"line":63,"column":1}},"8":{"start":{"line":62,"column":13},"end":{"line":62,"column":57}}},"fnMap":{"0":{"name":"(anonymous_0)","decl":{"start":{"line":13,"column":15},"end":{"line":13,"column":16}},"loc":{"start":{"line":14,"column":1},"end":{"line":16,"column":14}},"line":14},"1":{"name":"(anonymous_1)","decl":{"start":{"line":62,"column":3},"end":{"line":62,"column":4}},"loc":{"start":{"line":62,"column":13},"end":{"line":62,"column":57}},"line":62}},"branchMap":{"0":{"loc":{"start":{"line":62,"column":13},"end":{"line":62,"column":57}},"type":"cond-expr","locations":[{"start":{"line":62,"column":30},"end":{"line":62,"column":43}},{"start":{"line":62,"column":46},"end":{"line":62,"column":57}}],"line":62}},"s":{"0":1,"1":0,"2":1,"3":1,"4":1,"5":1,"6":1,"7":1,"8":0},"f":{"0":0,"1":0},"b":{"0":[0,0]},"_coverageSchema":"43e27e138ebf9cfc5966b082cf9a028302ed4184","hash":"11658530596f256b102d939068c45edda160d396"}
,"/Users/kristofferlund/Documents/Dev/Work/toolbox-reference-react/src/scripts/components/Footer.jsx": {"path":"/Users/kristofferlund/Documents/Dev/Work/toolbox-reference-react/src/scripts/components/Footer.jsx","statementMap":{"0":{"start":{"line":20,"column":21},"end":{"line":39,"column":1}},"1":{"start":{"line":43,"column":16},"end":{"line":43,"column":37}},"2":{"start":{"line":45,"column":15},"end":{"line":110,"column":1}},"3":{"start":{"line":51,"column":1},"end":{"line":63,"column":4}},"4":{"start":{"line":52,"column":2},"end":{"line":62,"column":3}},"5":{"start":{"line":53,"column":3},"end":{"line":58,"column":4}},"6":{"start":{"line":54,"column":4},"end":{"line":54,"column":37}},"7":{"start":{"line":55,"column":4},"end":{"line":55,"column":39}},"8":{"start":{"line":56,"column":10},"end":{"line":58,"column":4}},"9":{"start":{"line":57,"column":4},"end":{"line":57,"column":26}},"10":{"start":{"line":60,"column":3},"end":{"line":60,"column":76}},"11":{"start":{"line":61,"column":3},"end":{"line":61,"column":25}},"12":{"start":{"line":65,"column":22},"end":{"line":74,"column":2}},"13":{"start":{"line":68,"column":2},"end":{"line":73,"column":3}},"14":{"start":{"line":69,"column":3},"end":{"line":69,"column":46}},"15":{"start":{"line":70,"column":3},"end":{"line":70,"column":25}},"16":{"start":{"line":72,"column":3},"end":{"line":72,"column":25}},"17":{"start":{"line":76,"column":1},"end":{"line":109,"column":3}},"18":{"start":{"line":83,"column":20},"end":{"line":83,"column":42}},"19":{"start":{"line":90,"column":20},"end":{"line":90,"column":42}},"20":{"start":{"line":97,"column":5},"end":{"line":105,"column":25}},"21":{"start":{"line":112,"column":0},"end":{"line":115,"column":2}},"22":{"start":{"line":117,"column":27},"end":{"line":119,"column":2}},"23":{"start":{"line":117,"column":40},"end":{"line":119,"column":1}},"24":{"start":{"line":118,"column":25},"end":{"line":118,"column":55}},"25":{"start":{"line":121,"column":24},"end":{"line":123,"column":2}},"26":{"start":{"line":121,"column":34},"end":{"line":123,"column":1}},"27":{"start":{"line":125,"column":16},"end":{"line":137,"column":1}},"28":{"start":{"line":127,"column":24},"end":{"line":128,"column":91}},"29":{"start":{"line":139,"column":20},"end":{"line":145,"column":1}},"30":{"start":{"line":147,"column":16},"end":{"line":149,"column":1}},"31":{"start":{"line":151,"column":26},"end":{"line":157,"column":1}}},"fnMap":{"0":{"name":"(anonymous_0)","decl":{"start":{"line":45,"column":15},"end":{"line":45,"column":16}},"loc":{"start":{"line":45,"column":51},"end":{"line":110,"column":1}},"line":45},"1":{"name":"(anonymous_1)","decl":{"start":{"line":51,"column":11},"end":{"line":51,"column":12}},"loc":{"start":{"line":51,"column":17},"end":{"line":63,"column":2}},"line":51},"2":{"name":"(anonymous_2)","decl":{"start":{"line":65,"column":22},"end":{"line":65,"column":23}},"loc":{"start":{"line":65,"column":36},"end":{"line":74,"column":2}},"line":65},"3":{"name":"(anonymous_3)","decl":{"start":{"line":83,"column":14},"end":{"line":83,"column":15}},"loc":{"start":{"line":83,"column":20},"end":{"line":83,"column":42}},"line":83},"4":{"name":"(anonymous_4)","decl":{"start":{"line":90,"column":14},"end":{"line":90,"column":15}},"loc":{"start":{"line":90,"column":20},"end":{"line":90,"column":42}},"line":90},"5":{"name":"(anonymous_5)","decl":{"start":{"line":96,"column":22},"end":{"line":96,"column":23}},"loc":{"start":{"line":97,"column":5},"end":{"line":105,"column":25}},"line":97},"6":{"name":"(anonymous_6)","decl":{"start":{"line":117,"column":27},"end":{"line":117,"column":28}},"loc":{"start":{"line":117,"column":40},"end":{"line":119,"column":1}},"line":117},"7":{"name":"(anonymous_7)","decl":{"start":{"line":118,"column":14},"end":{"line":118,"column":15}},"loc":{"start":{"line":118,"column":25},"end":{"line":118,"column":55}},"line":118},"8":{"name":"(anonymous_8)","decl":{"start":{"line":121,"column":24},"end":{"line":121,"column":25}},"loc":{"start":{"line":121,"column":34},"end":{"line":123,"column":1}},"line":121},"9":{"name":"(anonymous_9)","decl":{"start":{"line":127,"column":15},"end":{"line":127,"column":16}},"loc":{"start":{"line":127,"column":24},"end":{"line":128,"column":91}},"line":127}},"branchMap":{"0":{"loc":{"start":{"line":52,"column":2},"end":{"line":62,"column":3}},"type":"if","locations":[{"start":{"line":52,"column":2},"end":{"line":62,"column":3}},{"start":{"line":52,"column":2},"end":{"line":62,"column":3}}],"line":52},"1":{"loc":{"start":{"line":53,"column":3},"end":{"line":58,"column":4}},"type":"if","locations":[{"start":{"line":53,"column":3},"end":{"line":58,"column":4}},{"start":{"line":53,"column":3},"end":{"line":58,"column":4}}],"line":53},"2":{"loc":{"start":{"line":53,"column":7},"end":{"line":53,"column":46}},"type":"binary-expr","locations":[{"start":{"line":53,"column":7},"end":{"line":53,"column":28}},{"start":{"line":53,"column":32},"end":{"line":53,"column":46}}],"line":53},"3":{"loc":{"start":{"line":56,"column":10},"end":{"line":58,"column":4}},"type":"if","locations":[{"start":{"line":56,"column":10},"end":{"line":58,"column":4}},{"start":{"line":56,"column":10},"end":{"line":58,"column":4}}],"line":56},"4":{"loc":{"start":{"line":56,"column":14},"end":{"line":56,"column":56}},"type":"binary-expr","locations":[{"start":{"line":56,"column":14},"end":{"line":56,"column":38}},{"start":{"line":56,"column":42},"end":{"line":56,"column":56}}],"line":56},"5":{"loc":{"start":{"line":68,"column":2},"end":{"line":73,"column":3}},"type":"if","locations":[{"start":{"line":68,"column":2},"end":{"line":73,"column":3}},{"start":{"line":68,"column":2},"end":{"line":73,"column":3}}],"line":68},"6":{"loc":{"start":{"line":127,"column":24},"end":{"line":128,"column":91}},"type":"binary-expr","locations":[{"start":{"line":127,"column":25},"end":{"line":127,"column":49}},{"start":{"line":127,"column":53},"end":{"line":127,"column":104}},{"start":{"line":128,"column":6},"end":{"line":128,"column":30}},{"start":{"line":128,"column":34},"end":{"line":128,"column":90}}],"line":127}},"s":{"0":2,"1":2,"2":2,"3":0,"4":0,"5":0,"6":0,"7":0,"8":0,"9":0,"10":0,"11":0,"12":0,"13":0,"14":0,"15":0,"16":0,"17":0,"18":0,"19":0,"20":0,"21":2,"22":2,"23":0,"24":0,"25":2,"26":0,"27":2,"28":0,"29":2,"30":2,"31":2},"f":{"0":0,"1":0,"2":0,"3":0,"4":0,"5":0,"6":0,"7":0,"8":0,"9":0},"b":{"0":[0,0],"1":[0,0],"2":[0,0],"3":[0,0],"4":[0,0],"5":[0,0],"6":[0,0,0,0]},"_coverageSchema":"43e27e138ebf9cfc5966b082cf9a028302ed4184","hash":"7ccd1aff27cfee075fbcddfacfba5594d777cf0c"}
,"/Users/kristofferlund/Documents/Dev/Work/toolbox-reference-react/src/scripts/components/Header.jsx": {"path":"/Users/kristofferlund/Documents/Dev/Work/toolbox-reference-react/src/scripts/components/Header.jsx","statementMap":{"0":{"start":{"line":16,"column":15},"end":{"line":28,"column":1}},"1":{"start":{"line":17,"column":1},"end":{"line":27,"column":11}},"2":{"start":{"line":30,"column":0},"end":{"line":32,"column":2}},"3":{"start":{"line":34,"column":20},"end":{"line":36,"column":1}},"4":{"start":{"line":38,"column":20},"end":{"line":40,"column":1}},"5":{"start":{"line":42,"column":16},"end":{"line":52,"column":1}},"6":{"start":{"line":48,"column":13},"end":{"line":48,"column":52}},"7":{"start":{"line":49,"column":13},"end":{"line":49,"column":52}},"8":{"start":{"line":54,"column":21},"end":{"line":78,"column":1}},"9":{"start":{"line":74,"column":13},"end":{"line":74,"column":59}},"10":{"start":{"line":75,"column":13},"end":{"line":75,"column":59}},"11":{"start":{"line":80,"column":19},"end":{"line":82,"column":1}}},"fnMap":{"0":{"name":"(anonymous_0)","decl":{"start":{"line":16,"column":15},"end":{"line":16,"column":16}},"loc":{"start":{"line":17,"column":1},"end":{"line":27,"column":11}},"line":17},"1":{"name":"(anonymous_1)","decl":{"start":{"line":48,"column":4},"end":{"line":48,"column":5}},"loc":{"start":{"line":48,"column":13},"end":{"line":48,"column":52}},"line":48},"2":{"name":"(anonymous_2)","decl":{"start":{"line":49,"column":4},"end":{"line":49,"column":5}},"loc":{"start":{"line":49,"column":13},"end":{"line":49,"column":52}},"line":49},"3":{"name":"(anonymous_3)","decl":{"start":{"line":74,"column":4},"end":{"line":74,"column":5}},"loc":{"start":{"line":74,"column":13},"end":{"line":74,"column":59}},"line":74},"4":{"name":"(anonymous_4)","decl":{"start":{"line":75,"column":4},"end":{"line":75,"column":5}},"loc":{"start":{"line":75,"column":13},"end":{"line":75,"column":59}},"line":75}},"branchMap":{"0":{"loc":{"start":{"line":48,"column":13},"end":{"line":48,"column":52}},"type":"binary-expr","locations":[{"start":{"line":48,"column":13},"end":{"line":48,"column":37}},{"start":{"line":48,"column":41},"end":{"line":48,"column":52}}],"line":48},"1":{"loc":{"start":{"line":49,"column":13},"end":{"line":49,"column":52}},"type":"binary-expr","locations":[{"start":{"line":49,"column":13},"end":{"line":49,"column":37}},{"start":{"line":49,"column":41},"end":{"line":49,"column":52}}],"line":49},"2":{"loc":{"start":{"line":74,"column":13},"end":{"line":74,"column":59}},"type":"binary-expr","locations":[{"start":{"line":74,"column":13},"end":{"line":74,"column":37}},{"start":{"line":74,"column":41},"end":{"line":74,"column":59}}],"line":74},"3":{"loc":{"start":{"line":75,"column":13},"end":{"line":75,"column":59}},"type":"binary-expr","locations":[{"start":{"line":75,"column":13},"end":{"line":75,"column":37}},{"start":{"line":75,"column":41},"end":{"line":75,"column":59}}],"line":75}},"s":{"0":2,"1":1,"2":2,"3":2,"4":2,"5":2,"6":1,"7":1,"8":2,"9":2,"10":2,"11":2},"f":{"0":1,"1":1,"2":1,"3":2,"4":2},"b":{"0":[1,0],"1":[1,0],"2":[2,0],"3":[2,0]},"_coverageSchema":"43e27e138ebf9cfc5966b082cf9a028302ed4184","hash":"10de52fbd42d24ba84954bb06e39b4c9c2c6bb16"}
,"/Users/kristofferlund/Documents/Dev/Work/toolbox-reference-react/src/scripts/components/index.jsx": {"path":"/Users/kristofferlund/Documents/Dev/Work/toolbox-reference-react/src/scripts/components/index.jsx","statementMap":{},"fnMap":{},"branchMap":{},"s":{},"f":{},"b":{},"_coverageSchema":"43e27e138ebf9cfc5966b082cf9a028302ed4184","hash":"8a448c5eeef4c3bc486cd86601b7818203cdc333"}
,"/Users/kristofferlund/Documents/Dev/Work/toolbox-reference-react/src/scripts/screens/Home.jsx": {"path":"/Users/kristofferlund/Documents/Dev/Work/toolbox-reference-react/src/scripts/screens/Home.jsx","statementMap":{"0":{"start":{"line":9,"column":13},"end":{"line":40,"column":1}},"1":{"start":{"line":10,"column":1},"end":{"line":39,"column":11}},"2":{"start":{"line":27,"column":45},"end":{"line":27,"column":59}},"3":{"start":{"line":43,"column":0},"end":{"line":50,"column":2}},"4":{"start":{"line":53,"column":24},"end":{"line":55,"column":2}},"5":{"start":{"line":53,"column":34},"end":{"line":55,"column":1}},"6":{"start":{"line":58,"column":27},"end":{"line":60,"column":2}},"7":{"start":{"line":58,"column":40},"end":{"line":60,"column":1}},"8":{"start":{"line":59,"column":26},"end":{"line":59,"column":64}},"9":{"start":{"line":63,"column":16},"end":{"line":69,"column":1}},"10":{"start":{"line":71,"column":19},"end":{"line":73,"column":1}},"11":{"start":{"line":75,"column":25},"end":{"line":80,"column":1}}},"fnMap":{"0":{"name":"(anonymous_0)","decl":{"start":{"line":9,"column":13},"end":{"line":9,"column":14}},"loc":{"start":{"line":10,"column":1},"end":{"line":39,"column":11}},"line":10},"1":{"name":"(anonymous_1)","decl":{"start":{"line":27,"column":39},"end":{"line":27,"column":40}},"loc":{"start":{"line":27,"column":45},"end":{"line":27,"column":59}},"line":27},"2":{"name":"(anonymous_2)","decl":{"start":{"line":53,"column":24},"end":{"line":53,"column":25}},"loc":{"start":{"line":53,"column":34},"end":{"line":55,"column":1}},"line":53},"3":{"name":"(anonymous_3)","decl":{"start":{"line":58,"column":27},"end":{"line":58,"column":28}},"loc":{"start":{"line":58,"column":40},"end":{"line":60,"column":1}},"line":58},"4":{"name":"(anonymous_4)","decl":{"start":{"line":59,"column":15},"end":{"line":59,"column":16}},"loc":{"start":{"line":59,"column":26},"end":{"line":59,"column":64}},"line":59}},"branchMap":{},"s":{"0":1,"1":0,"2":0,"3":1,"4":1,"5":0,"6":1,"7":0,"8":0,"9":1,"10":1,"11":1},"f":{"0":0,"1":0,"2":0,"3":0,"4":0},"b":{},"_coverageSchema":"43e27e138ebf9cfc5966b082cf9a028302ed4184","hash":"d83370d290b6f16be38ff55397a5e24ce054e984"}
,"/Users/kristofferlund/Documents/Dev/Work/toolbox-reference-react/src/scripts/screens/PageNotFound.jsx": {"path":"/Users/kristofferlund/Documents/Dev/Work/toolbox-reference-react/src/scripts/screens/PageNotFound.jsx","statementMap":{"0":{"start":{"line":3,"column":21},"end":{"line":3,"column":58}},"1":{"start":{"line":3,"column":27},"end":{"line":3,"column":58}}},"fnMap":{"0":{"name":"(anonymous_0)","decl":{"start":{"line":3,"column":21},"end":{"line":3,"column":22}},"loc":{"start":{"line":3,"column":27},"end":{"line":3,"column":58}},"line":3}},"branchMap":{},"s":{"0":1,"1":0},"f":{"0":0},"b":{},"_coverageSchema":"43e27e138ebf9cfc5966b082cf9a028302ed4184","hash":"abbaa82ae21ce16dae32202b5ff2e5c3dc779566"}
,"/Users/kristofferlund/Documents/Dev/Work/toolbox-reference-react/src/scripts/screens/Resources.jsx": {"path":"/Users/kristofferlund/Documents/Dev/Work/toolbox-reference-react/src/scripts/screens/Resources.jsx","statementMap":{"0":{"start":{"line":5,"column":23},"end":{"line":10,"column":1}},"1":{"start":{"line":12,"column":19},"end":{"line":16,"column":1}},"2":{"start":{"line":18,"column":19},"end":{"line":22,"column":1}},"3":{"start":{"line":24,"column":16},"end":{"line":28,"column":1}},"4":{"start":{"line":30,"column":16},"end":{"line":35,"column":1}},"5":{"start":{"line":37,"column":18},"end":{"line":37,"column":143}},"6":{"start":{"line":37,"column":27},"end":{"line":37,"column":143}},"7":{"start":{"line":37,"column":45},"end":{"line":37,"column":142}},"8":{"start":{"line":39,"column":18},"end":{"line":71,"column":1}},"9":{"start":{"line":40,"column":1},"end":{"line":70,"column":11}},"10":{"start":{"line":73,"column":16},"end":{"line":78,"column":1}},"11":{"start":{"line":80,"column":23},"end":{"line":84,"column":1}}},"fnMap":{"0":{"name":"(anonymous_0)","decl":{"start":{"line":37,"column":18},"end":{"line":37,"column":19}},"loc":{"start":{"line":37,"column":27},"end":{"line":37,"column":143}},"line":37},"1":{"name":"(anonymous_1)","decl":{"start":{"line":37,"column":37},"end":{"line":37,"column":38}},"loc":{"start":{"line":37,"column":45},"end":{"line":37,"column":142}},"line":37},"2":{"name":"(anonymous_2)","decl":{"start":{"line":39,"column":18},"end":{"line":39,"column":19}},"loc":{"start":{"line":40,"column":1},"end":{"line":70,"column":11}},"line":40}},"branchMap":{},"s":{"0":1,"1":1,"2":1,"3":1,"4":1,"5":1,"6":0,"7":0,"8":1,"9":0,"10":1,"11":1},"f":{"0":0,"1":0,"2":0},"b":{},"_coverageSchema":"43e27e138ebf9cfc5966b082cf9a028302ed4184","hash":"6555cfc7a442dfa49e8922d5f920acfc0eeb02c5"}
,"/Users/kristofferlund/Documents/Dev/Work/toolbox-reference-react/src/scripts/screens/Routes.jsx": {"path":"/Users/kristofferlund/Documents/Dev/Work/toolbox-reference-react/src/scripts/screens/Routes.jsx","statementMap":{"0":{"start":{"line":10,"column":18},"end":{"line":23,"column":1}},"1":{"start":{"line":26,"column":15},"end":{"line":51,"column":1}},"2":{"start":{"line":27,"column":1},"end":{"line":50,"column":11}},"3":{"start":{"line":32,"column":4},"end":{"line":37,"column":23}},"4":{"start":{"line":44,"column":5},"end":{"line":46,"column":13}},"5":{"start":{"line":53,"column":0},"end":{"line":55,"column":2}},"6":{"start":{"line":57,"column":16},"end":{"line":62,"column":1}},"7":{"start":{"line":64,"column":18},"end":{"line":68,"column":1}},"8":{"start":{"line":70,"column":25},"end":{"line":85,"column":1}},"9":{"start":{"line":87,"column":28},"end":{"line":90,"column":1}}},"fnMap":{"0":{"name":"(anonymous_0)","decl":{"start":{"line":26,"column":15},"end":{"line":26,"column":16}},"loc":{"start":{"line":27,"column":1},"end":{"line":50,"column":11}},"line":27},"1":{"name":"(anonymous_1)","decl":{"start":{"line":31,"column":18},"end":{"line":31,"column":19}},"loc":{"start":{"line":32,"column":4},"end":{"line":37,"column":23}},"line":32},"2":{"name":"(anonymous_2)","decl":{"start":{"line":43,"column":19},"end":{"line":43,"column":20}},"loc":{"start":{"line":44,"column":5},"end":{"line":46,"column":13}},"line":44}},"branchMap":{},"s":{"0":1,"1":1,"2":0,"3":0,"4":0,"5":1,"6":1,"7":1,"8":1,"9":1},"f":{"0":0,"1":0,"2":0},"b":{},"_coverageSchema":"43e27e138ebf9cfc5966b082cf9a028302ed4184","hash":"e4efbd9ffea175dd6e72b8c4646512c755e3eef3"}
,"/Users/kristofferlund/Documents/Dev/Work/toolbox-reference-react/src/scripts/screens/index.jsx": {"path":"/Users/kristofferlund/Documents/Dev/Work/toolbox-reference-react/src/scripts/screens/index.jsx","statementMap":{},"fnMap":{},"branchMap":{},"s":{},"f":{},"b":{},"_coverageSchema":"43e27e138ebf9cfc5966b082cf9a028302ed4184","hash":"285fcf55884e3257f946ba28a8d57783e6bfd66c"}
,"/Users/kristofferlund/Documents/Dev/Work/toolbox-reference-react/src/scripts/service/constants.js": {"path":"/Users/kristofferlund/Documents/Dev/Work/toolbox-reference-react/src/scripts/service/constants.js","statementMap":{"0":{"start":{"line":1,"column":35},"end":{"line":1,"column":56}},"1":{"start":{"line":2,"column":35},"end":{"line":2,"column":56}},"2":{"start":{"line":4,"column":37},"end":{"line":4,"column":60}},"3":{"start":{"line":5,"column":37},"end":{"line":5,"column":60}},"4":{"start":{"line":7,"column":28},"end":{"line":7,"column":42}}},"fnMap":{},"branchMap":{},"s":{"0":3,"1":3,"2":3,"3":3,"4":3},"f":{},"b":{},"_coverageSchema":"43e27e138ebf9cfc5966b082cf9a028302ed4184","hash":"10f4e8ae55107980d14bc9f67994b93ccd9e6563"}
,"/Users/kristofferlund/Documents/Dev/Work/toolbox-reference-react/src/scripts/service/actions/index.js": {"path":"/Users/kristofferlund/Documents/Dev/Work/toolbox-reference-react/src/scripts/service/actions/index.js","statementMap":{"0":{"start":{"line":9,"column":33},"end":{"line":9,"column":70}},"1":{"start":{"line":9,"column":40},"end":{"line":9,"column":69}},"2":{"start":{"line":10,"column":33},"end":{"line":10,"column":78}},"3":{"start":{"line":10,"column":42},"end":{"line":10,"column":77}},"4":{"start":{"line":12,"column":35},"end":{"line":12,"column":74}},"5":{"start":{"line":12,"column":42},"end":{"line":12,"column":73}},"6":{"start":{"line":14,"column":27},"end":{"line":14,"column":67}},"7":{"start":{"line":14,"column":37},"end":{"line":14,"column":66}}},"fnMap":{"0":{"name":"(anonymous_0)","decl":{"start":{"line":9,"column":33},"end":{"line":9,"column":34}},"loc":{"start":{"line":9,"column":40},"end":{"line":9,"column":69}},"line":9},"1":{"name":"(anonymous_1)","decl":{"start":{"line":10,"column":33},"end":{"line":10,"column":34}},"loc":{"start":{"line":10,"column":42},"end":{"line":10,"column":77}},"line":10},"2":{"name":"(anonymous_2)","decl":{"start":{"line":12,"column":35},"end":{"line":12,"column":36}},"loc":{"start":{"line":12,"column":42},"end":{"line":12,"column":73}},"line":12},"3":{"name":"(anonymous_3)","decl":{"start":{"line":14,"column":27},"end":{"line":14,"column":28}},"loc":{"start":{"line":14,"column":37},"end":{"line":14,"column":66}},"line":14}},"branchMap":{},"s":{"0":2,"1":0,"2":2,"3":0,"4":2,"5":0,"6":2,"7":0},"f":{"0":0,"1":0,"2":0,"3":0},"b":{},"_coverageSchema":"43e27e138ebf9cfc5966b082cf9a028302ed4184","hash":"f7fb19f657cc78ba050a102e6408493620b0aced"}
,"/Users/kristofferlund/Documents/Dev/Work/toolbox-reference-react/src/scripts/service/reducers/index.js": {"path":"/Users/kristofferlund/Documents/Dev/Work/toolbox-reference-react/src/scripts/service/reducers/index.js","statementMap":{"0":{"start":{"line":5,"column":16},"end":{"line":8,"column":1}}},"fnMap":{},"branchMap":{},"s":{"0":2},"f":{},"b":{},"_coverageSchema":"43e27e138ebf9cfc5966b082cf9a028302ed4184","hash":"e12d6f628524108943da375747477eee8e2557ef"}
,"/Users/kristofferlund/Documents/Dev/Work/toolbox-reference-react/src/scripts/service/reducers/swansonQuote.js": {"path":"/Users/kristofferlund/Documents/Dev/Work/toolbox-reference-react/src/scripts/service/reducers/swansonQuote.js","statementMap":{"0":{"start":{"line":6,"column":21},"end":{"line":10,"column":1}},"1":{"start":{"line":13,"column":1},"end":{"line":30,"column":2}},"2":{"start":{"line":17,"column":2},"end":{"line":19,"column":5}},"3":{"start":{"line":23,"column":2},"end":{"line":27,"column":5}},"4":{"start":{"line":29,"column":2},"end":{"line":29,"column":15}}},"fnMap":{"0":{"name":"reducer","decl":{"start":{"line":12,"column":24},"end":{"line":12,"column":31}},"loc":{"start":{"line":12,"column":62},"end":{"line":31,"column":1}},"line":12}},"branchMap":{"0":{"loc":{"start":{"line":12,"column":32},"end":{"line":12,"column":52}},"type":"default-arg","locations":[{"start":{"line":12,"column":40},"end":{"line":12,"column":52}}],"line":12},"1":{"loc":{"start":{"line":13,"column":1},"end":{"line":30,"column":2}},"type":"switch","locations":[{"start":{"line":14,"column":1},"end":{"line":19,"column":5}},{"start":{"line":20,"column":1},"end":{"line":27,"column":5}},{"start":{"line":28,"column":1},"end":{"line":29,"column":15}}],"line":13}},"s":{"0":2,"1":6,"2":0,"3":0,"4":6},"f":{"0":6},"b":{"0":[6],"1":[0,0,6]},"_coverageSchema":"43e27e138ebf9cfc5966b082cf9a028302ed4184","hash":"88d1cb14cf9de396c57dddb2fd364c5897a69835"}
,"/Users/kristofferlund/Documents/Dev/Work/toolbox-reference-react/src/scripts/service/reducers/switchTheme.js": {"path":"/Users/kristofferlund/Documents/Dev/Work/toolbox-reference-react/src/scripts/service/reducers/switchTheme.js","statementMap":{"0":{"start":{"line":3,"column":21},"end":{"line":5,"column":1}},"1":{"start":{"line":10,"column":1},"end":{"line":17,"column":2}},"2":{"start":{"line":12,"column":2},"end":{"line":14,"column":5}},"3":{"start":{"line":16,"column":2},"end":{"line":16,"column":15}}},"fnMap":{"0":{"name":"reducer","decl":{"start":{"line":9,"column":24},"end":{"line":9,"column":31}},"loc":{"start":{"line":9,"column":62},"end":{"line":18,"column":1}},"line":9}},"branchMap":{"0":{"loc":{"start":{"line":9,"column":32},"end":{"line":9,"column":52}},"type":"default-arg","locations":[{"start":{"line":9,"column":40},"end":{"line":9,"column":52}}],"line":9},"1":{"loc":{"start":{"line":10,"column":1},"end":{"line":17,"column":2}},"type":"switch","locations":[{"start":{"line":11,"column":1},"end":{"line":14,"column":5}},{"start":{"line":15,"column":1},"end":{"line":16,"column":15}}],"line":10}},"s":{"0":2,"1":6,"2":0,"3":6},"f":{"0":6},"b":{"0":[6],"1":[0,6]},"_coverageSchema":"43e27e138ebf9cfc5966b082cf9a028302ed4184","hash":"0c6aef11058170b0186beeed2ca2d7df0cf3629a"}
,"/Users/kristofferlund/Documents/Dev/Work/toolbox-reference-react/src/scripts/service/sagas/index.js": {"path":"/Users/kristofferlund/Documents/Dev/Work/toolbox-reference-react/src/scripts/service/sagas/index.js","statementMap":{"0":{"start":{"line":15,"column":1},"end":{"line":21,"column":5}},"1":{"start":{"line":16,"column":15},"end":{"line":16,"column":25}},"2":{"start":{"line":17,"column":17},"end":{"line":17,"column":21}},"3":{"start":{"line":19,"column":3},"end":{"line":19,"column":40}},"4":{"start":{"line":20,"column":3},"end":{"line":20,"column":19}},"5":{"start":{"line":31,"column":1},"end":{"line":41,"column":2}},"6":{"start":{"line":32,"column":19},"end":{"line":32,"column":47}},"7":{"start":{"line":33,"column":2},"end":{"line":38,"column":3}},"8":{"start":{"line":34,"column":3},"end":{"line":37,"column":6}},"9":{"start":{"line":40,"column":2},"end":{"line":40,"column":51}},"10":{"start":{"line":52,"column":1},"end":{"line":52,"column":60}},"11":{"start":{"line":56,"column":1},"end":{"line":58,"column":4}}},"fnMap":{"0":{"name":"callSwansonQuote","decl":{"start":{"line":14,"column":9},"end":{"line":14,"column":25}},"loc":{"start":{"line":14,"column":28},"end":{"line":22,"column":1}},"line":14},"1":{"name":"(anonymous_1)","decl":{"start":{"line":16,"column":8},"end":{"line":16,"column":9}},"loc":{"start":{"line":16,"column":15},"end":{"line":16,"column":25}},"line":16},"2":{"name":"(anonymous_2)","decl":{"start":{"line":17,"column":8},"end":{"line":17,"column":9}},"loc":{"start":{"line":17,"column":17},"end":{"line":17,"column":21}},"line":17},"3":{"name":"(anonymous_3)","decl":{"start":{"line":18,"column":9},"end":{"line":18,"column":10}},"loc":{"start":{"line":18,"column":17},"end":{"line":21,"column":3}},"line":18},"4":{"name":"fetchSwansonQuote","decl":{"start":{"line":30,"column":10},"end":{"line":30,"column":27}},"loc":{"start":{"line":30,"column":30},"end":{"line":42,"column":1}},"line":30},"5":{"name":"watchSwansonQuote","decl":{"start":{"line":51,"column":10},"end":{"line":51,"column":27}},"loc":{"start":{"line":51,"column":30},"end":{"line":53,"column":1}},"line":51},"6":{"name":"rootSaga","decl":{"start":{"line":55,"column":25},"end":{"line":55,"column":33}},"loc":{"start":{"line":55,"column":36},"end":{"line":59,"column":1}},"line":55}},"branchMap":{"0":{"loc":{"start":{"line":33,"column":2},"end":{"line":38,"column":3}},"type":"if","locations":[{"start":{"line":33,"column":2},"end":{"line":38,"column":3}},{"start":{"line":33,"column":2},"end":{"line":38,"column":3}}],"line":33}},"s":{"0":0,"1":0,"2":0,"3":0,"4":0,"5":0,"6":0,"7":0,"8":0,"9":0,"10":2,"11":2},"f":{"0":0,"1":0,"2":0,"3":0,"4":0,"5":2,"6":2},"b":{"0":[0,0]},"_coverageSchema":"43e27e138ebf9cfc5966b082cf9a028302ed4184","hash":"fb52b96a56347ec814e36950406900140e37e85c"}
,"/Users/kristofferlund/Documents/Dev/Work/toolbox-reference-react/src/scripts/utils/colors.js": {"path":"/Users/kristofferlund/Documents/Dev/Work/toolbox-reference-react/src/scripts/utils/colors.js","statementMap":{"0":{"start":{"line":1,"column":21},"end":{"line":1,"column":27}},"1":{"start":{"line":2,"column":21},"end":{"line":2,"column":27}},"2":{"start":{"line":4,"column":27},"end":{"line":4,"column":36}},"3":{"start":{"line":7,"column":25},"end":{"line":7,"column":34}},"4":{"start":{"line":8,"column":22},"end":{"line":8,"column":31}},"5":{"start":{"line":9,"column":20},"end":{"line":9,"column":29}},"6":{"start":{"line":10,"column":22},"end":{"line":10,"column":31}},"7":{"start":{"line":12,"column":24},"end":{"line":12,"column":33}},"8":{"start":{"line":13,"column":24},"end":{"line":13,"column":33}}},"fnMap":{},"branchMap":{},"s":{"0":3,"1":3,"2":3,"3":3,"4":3,"5":3,"6":3,"7":3,"8":3},"f":{},"b":{},"_coverageSchema":"43e27e138ebf9cfc5966b082cf9a028302ed4184","hash":"8a441d31ebb6506003dc0c62961e1f07215e8f53"}
,"/Users/kristofferlund/Documents/Dev/Work/toolbox-reference-react/src/scripts/utils/mixins.js": {"path":"/Users/kristofferlund/Documents/Dev/Work/toolbox-reference-react/src/scripts/utils/mixins.js","statementMap":{"0":{"start":{"line":4,"column":26},"end":{"line":7,"column":1}},"1":{"start":{"line":4,"column":34},"end":{"line":7,"column":1}},"2":{"start":{"line":8,"column":24},"end":{"line":11,"column":1}},"3":{"start":{"line":8,"column":32},"end":{"line":11,"column":1}}},"fnMap":{"0":{"name":"(anonymous_0)","decl":{"start":{"line":4,"column":26},"end":{"line":4,"column":27}},"loc":{"start":{"line":4,"column":34},"end":{"line":7,"column":1}},"line":4},"1":{"name":"(anonymous_1)","decl":{"start":{"line":8,"column":24},"end":{"line":8,"column":25}},"loc":{"start":{"line":8,"column":32},"end":{"line":11,"column":1}},"line":8}},"branchMap":{"0":{"loc":{"start":{"line":5,"column":3},"end":{"line":5,"column":53}},"type":"binary-expr","locations":[{"start":{"line":5,"column":3},"end":{"line":5,"column":7}},{"start":{"line":5,"column":11},"end":{"line":5,"column":53}}],"line":5},"1":{"loc":{"start":{"line":6,"column":3},"end":{"line":6,"column":54}},"type":"binary-expr","locations":[{"start":{"line":6,"column":3},"end":{"line":6,"column":8}},{"start":{"line":6,"column":12},"end":{"line":6,"column":54}}],"line":6},"2":{"loc":{"start":{"line":9,"column":3},"end":{"line":9,"column":54}},"type":"binary-expr","locations":[{"start":{"line":9,"column":3},"end":{"line":9,"column":7}},{"start":{"line":9,"column":11},"end":{"line":9,"column":54}}],"line":9},"3":{"loc":{"start":{"line":10,"column":3},"end":{"line":10,"column":55}},"type":"binary-expr","locations":[{"start":{"line":10,"column":3},"end":{"line":10,"column":8}},{"start":{"line":10,"column":12},"end":{"line":10,"column":55}}],"line":10}},"s":{"0":3,"1":2,"2":3,"3":2},"f":{"0":2,"1":2},"b":{"0":[2,0],"1":[2,2],"2":[2,0],"3":[2,2]},"_coverageSchema":"43e27e138ebf9cfc5966b082cf9a028302ed4184","hash":"7c00925728fae1f7df1e8a6ea7a2a7172d990697"}
}
