TN:
SF:/Users/kristofferlund/Documents/Dev/Work/toolbox-reference-react/config/jest/fileMock.js
FNF:0
FNH:0
DA:1,2
LF:1
LH:1
BRF:0
BRH:0
end_of_record
TN:
SF:/Users/kristofferlund/Documents/Dev/Work/toolbox-reference-react/src/media/socials/IconFacebook.jsx
FNF:0
FNH:0
DA:4,2
LF:1
LH:1
BRF:0
BRH:0
end_of_record
TN:
SF:/Users/kristofferlund/Documents/Dev/Work/toolbox-reference-react/src/media/socials/IconInstagram.jsx
FNF:0
FNH:0
DA:4,2
LF:1
LH:1
BRF:0
BRH:0
end_of_record
TN:
SF:/Users/kristofferlund/Documents/Dev/Work/toolbox-reference-react/src/media/socials/IconSoundCloud.jsx
FNF:0
FNH:0
DA:4,2
LF:1
LH:1
BRF:0
BRH:0
end_of_record
TN:
SF:/Users/kristofferlund/Documents/Dev/Work/toolbox-reference-react/src/media/socials/index.jsx
FNF:0
FNH:0
LF:0
LH:0
BRF:0
BRH:0
end_of_record
TN:
SF:/Users/kristofferlund/Documents/Dev/Work/toolbox-reference-react/src/scripts/App.jsx
FN:18,(anonymous_0)
FN:38,(anonymous_1)
FNF:2
FNH:0
FNDA:0,(anonymous_0)
FNDA:0,(anonymous_1)
DA:18,1
DA:19,0
DA:34,1
DA:38,1
DA:42,1
DA:52,1
LF:6
LH:5
BRF:0
BRH:0
end_of_record
TN:
SF:/Users/kristofferlund/Documents/Dev/Work/toolbox-reference-react/src/scripts/store.js
FN:27,(anonymous_0)
FNF:1
FNH:0
FNDA:0,(anonymous_0)
DA:13,2
DA:17,2
DA:20,2
DA:26,2
DA:27,2
LF:5
LH:5
BRDA:17,0,0,2
BRDA:17,0,1,2
BRF:2
BRH:2
end_of_record
TN:
SF:/Users/kristofferlund/Documents/Dev/Work/toolbox-reference-react/src/scripts/components/Button.jsx
FN:13,(anonymous_0)
FN:62,(anonymous_1)
FNF:2
FNH:0
FNDA:0,(anonymous_0)
FNDA:0,(anonymous_1)
DA:13,1
DA:14,0
DA:19,1
DA:24,1
DA:30,1
DA:35,1
DA:50,1
DA:54,1
DA:62,0
LF:9
LH:7
BRDA:62,0,0,0
BRDA:62,0,1,0
BRF:2
BRH:0
end_of_record
TN:
SF:/Users/kristofferlund/Documents/Dev/Work/toolbox-reference-react/src/scripts/components/Footer.jsx
FN:45,(anonymous_0)
FN:51,(anonymous_1)
FN:65,(anonymous_2)
FN:83,(anonymous_3)
FN:90,(anonymous_4)
FN:96,(anonymous_5)
FN:117,(anonymous_6)
FN:118,(anonymous_7)
FN:121,(anonymous_8)
FN:127,(anonymous_9)
FNF:10
FNH:0
FNDA:0,(anonymous_0)
FNDA:0,(anonymous_1)
FNDA:0,(anonymous_2)
FNDA:0,(anonymous_3)
FNDA:0,(anonymous_4)
FNDA:0,(anonymous_5)
FNDA:0,(anonymous_6)
FNDA:0,(anonymous_7)
FNDA:0,(anonymous_8)
FNDA:0,(anonymous_9)
DA:20,2
DA:43,2
DA:45,2
DA:51,0
DA:52,0
DA:53,0
DA:54,0
DA:55,0
DA:56,0
DA:57,0
DA:60,0
DA:61,0
DA:65,0
DA:68,0
DA:69,0
DA:70,0
DA:72,0
DA:76,0
DA:83,0
DA:90,0
DA:97,0
DA:112,2
DA:117,2
DA:118,0
DA:121,2
DA:125,2
DA:127,0
DA:139,2
DA:147,2
DA:151,2
LF:30
LH:10
BRDA:52,0,0,0
BRDA:52,0,1,0
BRDA:53,1,0,0
BRDA:53,1,1,0
BRDA:53,2,0,0
BRDA:53,2,1,0
BRDA:56,3,0,0
BRDA:56,3,1,0
BRDA:56,4,0,0
BRDA:56,4,1,0
BRDA:68,5,0,0
BRDA:68,5,1,0
BRDA:127,6,0,0
BRDA:127,6,1,0
BRDA:127,6,2,0
BRDA:127,6,3,0
BRF:16
BRH:0
end_of_record
TN:
SF:/Users/kristofferlund/Documents/Dev/Work/toolbox-reference-react/src/scripts/components/Header.jsx
FN:16,(anonymous_0)
FN:48,(anonymous_1)
FN:49,(anonymous_2)
FN:74,(anonymous_3)
FN:75,(anonymous_4)
FNF:5
FNH:5
FNDA:1,(anonymous_0)
FNDA:1,(anonymous_1)
FNDA:1,(anonymous_2)
FNDA:2,(anonymous_3)
FNDA:2,(anonymous_4)
DA:16,2
DA:17,1
DA:30,2
DA:34,2
DA:38,2
DA:42,2
DA:48,1
DA:49,1
DA:54,2
DA:74,2
DA:75,2
DA:80,2
LF:12
LH:12
BRDA:48,0,0,1
BRDA:48,0,1,0
BRDA:49,1,0,1
BRDA:49,1,1,0
BRDA:74,2,0,2
BRDA:74,2,1,0
BRDA:75,3,0,2
BRDA:75,3,1,0
BRF:8
BRH:4
end_of_record
TN:
SF:/Users/kristofferlund/Documents/Dev/Work/toolbox-reference-react/src/scripts/components/index.jsx
FNF:0
FNH:0
LF:0
LH:0
BRF:0
BRH:0
end_of_record
TN:
SF:/Users/kristofferlund/Documents/Dev/Work/toolbox-reference-react/src/scripts/screens/Home.jsx
FN:9,(anonymous_0)
FN:27,(anonymous_1)
FN:53,(anonymous_2)
FN:58,(anonymous_3)
FN:59,(anonymous_4)
FNF:5
FNH:0
FNDA:0,(anonymous_0)
FNDA:0,(anonymous_1)
FNDA:0,(anonymous_2)
FNDA:0,(anonymous_3)
FNDA:0,(anonymous_4)
DA:9,1
DA:10,0
DA:27,0
DA:43,1
DA:53,1
DA:58,1
DA:59,0
DA:63,1
DA:71,1
DA:75,1
LF:10
LH:7
BRF:0
BRH:0
end_of_record
TN:
SF:/Users/kristofferlund/Documents/Dev/Work/toolbox-reference-react/src/scripts/screens/PageNotFound.jsx
FN:3,(anonymous_0)
FNF:1
FNH:0
FNDA:0,(anonymous_0)
DA:3,1
LF:1
LH:1
BRF:0
BRH:0
end_of_record
TN:
SF:/Users/kristofferlund/Documents/Dev/Work/toolbox-reference-react/src/scripts/screens/Resources.jsx
FN:37,(anonymous_0)
FN:37,(anonymous_1)
FN:39,(anonymous_2)
FNF:3
FNH:0
FNDA:0,(anonymous_0)
FNDA:0,(anonymous_1)
FNDA:0,(anonymous_2)
DA:5,1
DA:12,1
DA:18,1
DA:24,1
DA:30,1
DA:37,1
DA:39,1
DA:40,0
DA:73,1
DA:80,1
LF:10
LH:9
BRF:0
BRH:0
end_of_record
TN:
SF:/Users/kristofferlund/Documents/Dev/Work/toolbox-reference-react/src/scripts/screens/Routes.jsx
FN:26,(anonymous_0)
FN:31,(anonymous_1)
FN:43,(anonymous_2)
FNF:3
FNH:0
FNDA:0,(anonymous_0)
FNDA:0,(anonymous_1)
FNDA:0,(anonymous_2)
DA:10,1
DA:26,1
DA:27,0
DA:32,0
DA:44,0
DA:53,1
DA:57,1
DA:64,1
DA:70,1
DA:87,1
LF:10
LH:7
BRF:0
BRH:0
end_of_record
TN:
SF:/Users/kristofferlund/Documents/Dev/Work/toolbox-reference-react/src/scripts/screens/index.jsx
FNF:0
FNH:0
LF:0
LH:0
BRF:0
BRH:0
end_of_record
TN:
SF:/Users/kristofferlund/Documents/Dev/Work/toolbox-reference-react/src/scripts/service/constants.js
FNF:0
FNH:0
DA:1,3
DA:2,3
DA:4,3
DA:5,3
DA:7,3
LF:5
LH:5
BRF:0
BRH:0
end_of_record
TN:
SF:/Users/kristofferlund/Documents/Dev/Work/toolbox-reference-react/src/scripts/service/actions/index.js
FN:9,(anonymous_0)
FN:10,(anonymous_1)
FN:12,(anonymous_2)
FN:14,(anonymous_3)
FNF:4
FNH:0
FNDA:0,(anonymous_0)
FNDA:0,(anonymous_1)
FNDA:0,(anonymous_2)
FNDA:0,(anonymous_3)
DA:9,2
DA:10,2
DA:12,2
DA:14,2
LF:4
LH:4
BRF:0
BRH:0
end_of_record
TN:
SF:/Users/kristofferlund/Documents/Dev/Work/toolbox-reference-react/src/scripts/service/reducers/index.js
FNF:0
FNH:0
DA:5,2
LF:1
LH:1
BRF:0
BRH:0
end_of_record
TN:
SF:/Users/kristofferlund/Documents/Dev/Work/toolbox-reference-react/src/scripts/service/reducers/swansonQuote.js
FN:12,reducer
FNF:1
FNH:1
FNDA:6,reducer
DA:6,2
DA:13,6
DA:17,0
DA:23,0
DA:29,6
LF:5
LH:3
BRDA:12,0,0,6
BRDA:13,1,0,0
BRDA:13,1,1,0
BRDA:13,1,2,6
BRF:4
BRH:2
end_of_record
TN:
SF:/Users/kristofferlund/Documents/Dev/Work/toolbox-reference-react/src/scripts/service/reducers/switchTheme.js
FN:9,reducer
FNF:1
FNH:1
FNDA:6,reducer
DA:3,2
DA:10,6
DA:12,0
DA:16,6
LF:4
LH:3
BRDA:9,0,0,6
BRDA:10,1,0,0
BRDA:10,1,1,6
BRF:3
BRH:2
end_of_record
TN:
SF:/Users/kristofferlund/Documents/Dev/Work/toolbox-reference-react/src/scripts/service/sagas/index.js
FN:14,callSwansonQuote
FN:16,(anonymous_1)
FN:17,(anonymous_2)
FN:18,(anonymous_3)
FN:30,fetchSwansonQuote
FN:51,watchSwansonQuote
FN:55,rootSaga
FNF:7
FNH:2
FNDA:0,callSwansonQuote
FNDA:0,(anonymous_1)
FNDA:0,(anonymous_2)
FNDA:0,(anonymous_3)
FNDA:0,fetchSwansonQuote
FNDA:2,watchSwansonQuote
FNDA:2,rootSaga
DA:15,0
DA:16,0
DA:17,0
DA:19,0
DA:20,0
DA:31,0
DA:32,0
DA:33,0
DA:34,0
DA:40,0
DA:52,2
DA:56,2
LF:12
LH:2
BRDA:33,0,0,0
BRDA:33,0,1,0
BRF:2
BRH:0
end_of_record
TN:
SF:/Users/kristofferlund/Documents/Dev/Work/toolbox-reference-react/src/scripts/utils/colors.js
FNF:0
FNH:0
DA:1,3
DA:2,3
DA:4,3
DA:7,3
DA:8,3
DA:9,3
DA:10,3
DA:12,3
DA:13,3
LF:9
LH:9
BRF:0
BRH:0
end_of_record
TN:
SF:/Users/kristofferlund/Documents/Dev/Work/toolbox-reference-react/src/scripts/utils/mixins.js
FN:4,(anonymous_0)
FN:8,(anonymous_1)
FNF:2
FNH:2
FNDA:2,(anonymous_0)
FNDA:2,(anonymous_1)
DA:4,3
DA:8,3
LF:2
LH:2
BRDA:5,0,0,2
BRDA:5,0,1,0
BRDA:6,1,0,2
BRDA:6,1,1,2
BRDA:9,2,0,2
BRDA:9,2,1,0
BRDA:10,3,0,2
BRDA:10,3,1,2
BRF:8
BRH:6
end_of_record
